Arguments: 
  C:\Program Files\nodejs\node.exe C:\Users\herre\AppData\Roaming\npm\node_modules\yarn\bin\yarn.js add @tamagui/babel-plugin babel-plugin-transform-inline-environment-variables

PATH: 
  C:\Program Files\Common Files\Oracle\Java\javapath;C:\ProgramData\Oracle\Java\javapath;C:\Windows\system32;C:\Windows;C:\Windows\System32\Wbem;C:\Windows\System32\WindowsPowerShell\v1.0\;C:\Windows\System32\OpenSSH\;C:\Program Files\nodejs\;C:\Program Files\Git\cmd;C:\Program Files\dotnet\;C:\Program Files (x86)\NVIDIA Corporation\PhysX\Common;C:\Program Files\Docker\Docker\resources\bin;C:\Program Files\MySQL\MySQL Shell 8.0\bin\;C:\Users\herre\AppData\Local\Programs\Python\Python310\Scripts\;C:\Users\herre\AppData\Local\Programs\Python\Python310\;C:\Users\herre\AppData\Local\Microsoft\WindowsApps;C:\Users\herre\AppData\Local\Programs\Microsoft VS Code\bin;C:\Users\herre\AppData\Roaming\npm;C:\MinGW\bin;C:\Users\herre\AppData\Local\Programs\Python\Python310;C:\Users\herre\.dotnet\tools;C:\Users\herre\AppData\Local\JetBrains\Toolbox\scripts;C:\ffmpeg-2022-10-20-git-eb9153b4a7-essentials_build\bin;C:\aria2-1.36.0-win-64bit-build1;C:\Bento4-SDK-1-6-0-639.x86_64-microsoft-win32\bin;C:\Users\herre\AppData\Local\Packages\PythonSoftwareFoundation.Python.3.10_qbz5n2kfra8p0\LocalCache\local-packages\Python310\Scripts;C:\Users\herre\AppData\Local\Packages\PythonSoftwareFoundation.Python.3.10_qbz5n2kfra8p0\LocalCache\local-packages\Python310\Scripts;C:\Users\herre\.dotnet\tools;C:\Users\herre\AppData\Local\GitHubDesktop\bin;C:\POSTGRES\bin;

Yarn version: 
  1.22.19

Node version: 
  16.16.0

Platform: 
  win32 x64

Trace: 
  Error: ENOENT: no such file or directory, copyfile 'C:\Users\herre\AppData\Local\Yarn\Cache\v6\npm-@0no-co-graphql-web-1.0.0-af3f5e3b9359d2f011bc37a93654348b92d4d893-integrity\node_modules\@0no-co\graphql.web\package.json' -> 'C:\Users\herre\Documents\native\ordering-system\node_modules\@0no-co\graphql.web\package.json'

npm manifest: 
  {
    "name": "ordering-system",
    "version": "1.0.0",
    "main": "node_modules/expo/AppEntry.js",
    "scripts": {
      "start": "expo start",
      "android": "expo start --android",
      "ios": "expo start --ios",
      "web": "expo start --web"
    },
    "dependencies": {
      "@react-navigation/native": "^6.1.6",
      "@react-navigation/native-stack": "^6.9.12",
      "@rneui/base": "^4.0.0-rc.7",
      "@rneui/themed": "^4.0.0-rc.7",
      "expo": "~48.0.11",
      "expo-status-bar": "~1.4.4",
      "firebase": "^9.20.0",
      "react": "18.2.0",
      "react-native": "0.71.6",
      "react-native-safe-area-context": "4.5.0",
      "react-native-screens": "~3.20.0"
    },
    "devDependencies": {
      "@babel/core": "^7.20.0"
    },
    "private": true
  }

yarn manifest: 
  No manifest

Lockfile: 
  No lockfile
